<?xml version="1.0" encoding="utf-8"?><testsuites name="pytest tests"><testsuite name="pytest" errors="0" failures="0" skipped="3" tests="1610" time="18.042" timestamp="2026-04-11T23:00:04.152412+08:00" hostname="987c8a4f6195"><testcase classname="tests.auth.test_jwt_auth" name="test_jwt_auth" time="0.006" /><testcase classname="tests.examples.test_redis_example" name="test_redis_basic_operations" time="0.151" /><testcase classname="tests.examples.test_redis_example" name="test_redis_json_storage" time="0.003" /><testcase classname="tests.examples.test_redis_example" name="test_redis_expiration" time="0.002" /><testcase classname="tests.examples.test_redis_example" name="test_redis_pubsub" time="0.003" /><testcase classname="tests.examples.test_redis_example" name="test_redis_cache_helper" time="0.004" /><testcase classname="tests.examples.test_redis_example" name="test_redis_publisher" time="0.006" /><testcase classname="tests.examples.test_redis_example" name="test_real_redis_operations" time="0.009"><skipped type="pytest.skip" message="Redis not available: Error Multiple exceptions: [Errno 111] Connect call failed ('::1', 6380, 0, 0), [Errno 111] Connect call failed ('127.0.0.1', 6380) connecting to localhost:6380.">/app/tests/examples/test_redis_example.py:182: Redis not available: Error Multiple exceptions: [Errno 111] Connect call failed ('::1', 6380, 0, 0), [Errno 111] Connect call failed ('127.0.0.1', 6380) connecting to localhost:6380.</skipped></testcase><testcase classname="tests.integration.agent_session.test_all_tools_comprehensive.TestComprehensiveTools" name="test_01_glob_tool_basic" time="0.001" /><testcase classname="tests.integration.agent_session.test_all_tools_comprehensive.TestComprehensiveTools" name="test_02_glob_tool_advanced" time="0.000" /><testcase classname="tests.integration.agent_session.test_all_tools_comprehensive.TestComprehensiveTools" name="test_03_read_tool_basic" time="0.000" /><testcase classname="tests.integration.agent_session.test_all_tools_comprehensive.TestComprehensiveTools" name="test_04_read_tool_json" time="0.000" /><testcase classname="tests.integration.agent_session.test_all_tools_comprehensive.TestComprehensiveTools" name="test_05_grep_tool_basic" time="0.000" /><testcase classname="tests.integration.agent_session.test_all_tools_comprehensive.TestComprehensiveTools" name="test_06_grep_tool_advanced" time="0.000" /><testcase classname="tests.integration.agent_session.test_all_tools_comprehensive.TestComprehensiveTools" name="test_07_bash_tool_basic" time="0.000" /><testcase classname="tests.integration.agent_session.test_all_tools_comprehensive.TestComprehensiveTools" name="test_08_bash_tool_complex" time="0.000" /><testcase classname="tests.integration.agent_session.test_all_tools_comprehensive.TestComprehensiveTools" name="test_09_write_tool_basic" time="0.001" /><testcase classname="tests.integration.agent_session.test_all_tools_comprehensive.TestComprehensiveTools" name="test_10_write_tool_json" time="0.000" /><testcase classname="tests.integration.agent_session.test_all_tools_comprehensive.TestComprehensiveTools" name="test_11_edit_tool_basic" time="0.000" /><testcase classname="tests.integration.agent_session.test_all_tools_comprehensive.TestComprehensiveTools" name="test_12_todo_write_tool" time="0.000" /><testcase classname="tests.integration.agent_session.test_all_tools_comprehensive.TestComprehensiveTools" name="test_13_task_tool_explore" time="0.000" /><testcase classname="tests.integration.agent_session.test_analyze_agor_main.TestAnalyzeAgorMain" name="test_analyze_agor_main_project" time="0.005" /><testcase classname="tests.integration.agent_session.test_analyze_agor_main.TestAnalyzeAgorMain" name="test_workspace_structure_scan" time="0.002" /><testcase classname="tests.integration.agent_session.test_analyze_agor_main.TestAnalyzeAgorMain" name="test_technology_stack_analysis" time="0.002" /><testcase classname="tests.integration.agent_session.test_websocket.TestConnectionManager" name="test_connect" time="0.003" /><testcase classname="tests.integration.agent_session.test_websocket.TestConnectionManager" name="test_disconnect" time="0.002" /><testcase classname="tests.integration.agent_session.test_websocket.TestConnectionManager" name="test_subscribe_session" time="0.002" /><testcase classname="tests.integration.agent_session.test_websocket.TestConnectionManager" name="test_unsubscribe_session" time="0.002" /><testcase classname="tests.integration.agent_session.test_websocket.TestConnectionManager" name="test_broadcast" time="0.004" /><testcase classname="tests.integration.agent_session.test_websocket.TestConnectionManager" name="test_send_to_session" time="0.003" /><testcase classname="tests.integration.agent_session.test_websocket.TestConnectionManager" name="test_send_to_user" time="0.003" /><testcase classname="tests.integration.agent_session.test_websocket.TestConnectionManager" name="test_multiple_sessions_per_connection" time="0.002" /><testcase classname="tests.integration.agent_session.test_websocket.TestEventEmitter" name="test_emit_session_created" time="0.003" /><testcase classname="tests.integration.agent_session.test_websocket.TestEventEmitter" name="test_emit_streaming_chunk" time="0.002" /><testcase classname="tests.integration.agent_session.test_websocket.TestEventEmitter" name="test_event_listener" time="0.001" /><testcase classname="tests.integration.agent_session.test_websocket.TestEventEmitter" name="test_remove_event_listener" time="0.001" /><testcase classname="tests.integration.agent_session.test_websocket.TestWebSocketEvent" name="test_session_created_event" time="0.000" /><testcase classname="tests.integration.agent_session.test_websocket.TestWebSocketEvent" name="test_streaming_chunk_event" time="0.000" /><testcase classname="tests.integration.agent_session.test_websocket.TestWebSocketEvent" name="test_thinking_event" time="0.000" /><testcase classname="tests.integration.agent_session.test_websocket.TestWebSocketEvent" name="test_tool_complete_event" time="0.000" /><testcase classname="tests.integration.agent_session.test_websocket.TestWebSocketEvent" name="test_event_to_dict" time="0.000" /><testcase classname="tests.integration.claude_code.test_claude_md_api" name="test_cmd_001_get_claude_md_success" time="0.013" /><testcase classname="tests.integration.claude_code.test_claude_md_api" name="test_cmd_002_get_claude_md_not_found" time="0.008" /><testcase classname="tests.integration.claude_code.test_claude_md_api" name="test_cmd_003_update_claude_md_success" time="0.008" /><testcase classname="tests.integration.claude_code.test_claude_md_api" name="test_cmd_004_update_claude_md_line_limit" time="0.009" /><testcase classname="tests.integration.claude_code.test_file_collections_api" name="test_fc_001_scripts_tree_root" time="0.008" /><testcase classname="tests.integration.claude_code.test_file_collections_api" name="test_fc_002_lazy_children" time="0.009" /><testcase classname="tests.integration.claude_code.test_file_collections_api" name="test_fc_003_invalid_scope" time="0.009" /><testcase classname="tests.integration.claude_code.test_file_collections_api" name="test_fc_004_read_content" time="0.007" /><testcase classname="tests.integration.claude_code.test_file_collections_api" name="test_fc_005_read_missing" time="0.008" /><testcase classname="tests.integration.claude_code.test_file_collections_api" name="test_fc_006_write_with_version" time="0.008" /><testcase classname="tests.integration.claude_code.test_file_collections_api" name="test_fc_007_write_version_conflict" time="0.007" /><testcase classname="tests.integration.claude_code.test_file_collections_api" name="test_fc_008_create_file_and_directory" time="0.008" /><testcase classname="tests.integration.claude_code.test_file_collections_api" name="test_fc_009_delete_entries" time="0.007" /><testcase classname="tests.integration.claude_code.test_file_collections_api" name="test_fc_010_copy_between_scopes" time="0.008" /><testcase classname="tests.integration.claude_code.test_file_collections_api" name="test_fc_011_move_between_scopes" time="0.007" /><testcase classname="tests.integration.claude_code.test_file_collections_api" name="test_fc_012_move_conflict" time="0.007" /><testcase classname="tests.integration.claude_code.test_file_collections_api" name="test_fc_013_batch_delete_success" time="0.008" /><testcase classname="tests.integration.claude_code.test_file_collections_api" name="test_fc_014_batch_delete_partial_failure" time="0.007" /><testcase classname="tests.integration.claude_code.test_file_collections_api" name="test_fc_015_batch_delete_invalid_scope" time="0.007" /><testcase classname="tests.integration.claude_code.test_file_collections_api" name="test_fc_019_max_depth_valid_value" time="0.007" /><testcase classname="tests.integration.claude_code.test_file_collections_api" name="test_fc_020_max_depth_boundary_value" time="0.008" /><testcase classname="tests.integration.claude_code.test_file_collections_api" name="test_fc_021_max_depth_zero_invalid" time="0.007" /><testcase classname="tests.integration.claude_code.test_file_collections_api" name="test_fc_022_max_depth_negative_invalid" time="0.007" /><testcase classname="tests.integration.claude_code.test_file_collections_api" name="test_fc_023_include_hidden_files" time="0.007" /><testcase classname="tests.integration.claude_code.test_file_collections_api" name="test_fc_024_exclude_hidden_files_default" time="0.007" /><testcase classname="tests.integration.claude_code.test_file_collections_api" name="test_fc_025_expected_version_id_mismatch" time="0.007" /><testcase classname="tests.integration.claude_code.test_file_collections_api" name="test_fc_026_missing_expected_version_id" time="0.007" /><testcase classname="tests.integration.claude_code.test_file_collections_api" name="test_fc_027_recursive_delete_non_empty_directory" time="0.006" /><testcase classname="tests.integration.claude_code.test_file_collections_api" name="test_fc_028_non_recursive_delete_non_empty_directory_fails" time="0.007" /><testcase classname="tests.integration.claude_code.test_file_collections_api" name="test_fc_029_overwrite_existing_file" time="0.008" /><testcase classname="tests.integration.claude_code.test_file_collections_api" name="test_fc_030_refuse_overwrite_existing_file" time="0.008" /><testcase classname="tests.integration.claude_code.test_hooks_api" name="test_hook_001_list_all_scopes" time="0.008" /><testcase classname="tests.integration.claude_code.test_hooks_api" name="test_hook_002_filter_scope" time="0.008" /><testcase classname="tests.integration.claude_code.test_hooks_api" name="test_hook_003_export_hooks" time="0.008" /><testcase classname="tests.integration.claude_code.test_hooks_api" name="test_hook_004_get_scope" time="0.008" /><testcase classname="tests.integration.claude_code.test_hooks_api" name="test_hook_005_update_scope" time="0.010" /><testcase classname="tests.integration.claude_code.test_hooks_api" name="test_hook_006_delete_scope" time="0.014" /><testcase classname="tests.integration.claude_code.test_hooks_api" name="test_hook_007_import_hooks" time="0.016" /><testcase classname="tests.integration.claude_code.test_mcp_api" name="test_mcp_001_list_all_scopes" time="0.016" /><testcase classname="tests.integration.claude_code.test_mcp_api" name="test_mcp_002_list_filtered_scope" time="0.026" /><testcase classname="tests.integration.claude_code.test_mcp_api" name="test_mcp_003_get_scope_success" time="0.018" /><testcase classname="tests.integration.claude_code.test_mcp_api" name="test_mcp_004_scope_not_supported" time="0.024" /><testcase classname="tests.integration.claude_code.test_mcp_api" name="test_mcp_005_get_server_success" time="0.012" /><testcase classname="tests.integration.claude_code.test_mcp_api" name="test_mcp_006_get_server_missing" time="0.011" /><testcase classname="tests.integration.claude_code.test_mcp_api" name="test_mcp_007_create_server_success" time="0.011" /><testcase classname="tests.integration.claude_code.test_mcp_api" name="test_mcp_008_create_duplicate" time="0.011" /><testcase classname="tests.integration.claude_code.test_mcp_api" name="test_mcp_009_create_invalid_payload" time="0.009" /><testcase classname="tests.integration.claude_code.test_mcp_api" name="test_mcp_010_update_server_success" time="0.008" /><testcase classname="tests.integration.claude_code.test_mcp_api" name="test_mcp_011_update_conflict" time="0.010" /><testcase classname="tests.integration.claude_code.test_mcp_api" name="test_mcp_012_delete_success" time="0.009" /><testcase classname="tests.integration.claude_code.test_mcp_api" name="test_mcp_013_delete_missing" time="0.007" /><testcase classname="tests.integration.claude_code.test_mcp_api" name="test_mcp_014_toggle_status" time="0.008" /><testcase classname="tests.integration.claude_code.test_mcp_api" name="test_mcp_015_export_server" time="0.008" /><testcase classname="tests.integration.claude_code.test_mcp_api" name="test_mcp_016_import_success" time="0.020" /><testcase classname="tests.integration.claude_code.test_mcp_api" name="test_mcp_017_import_invalid_payload" time="0.017" /><testcase classname="tests.integration.claude_code.test_memory_api" name="test_memory_list_documents" time="0.010" /><testcase classname="tests.integration.claude_code.test_memory_api" name="test_memory_crud_endpoints" time="0.023" /><testcase classname="tests.integration.claude_code.test_output_styles_api" name="test_os_001_list_scopes" time="0.009" /><testcase classname="tests.integration.claude_code.test_output_styles_api" name="test_os_002_get_scope" time="0.009" /><testcase classname="tests.integration.claude_code.test_output_styles_api" name="test_os_003_get_document" time="0.010" /><testcase classname="tests.integration.claude_code.test_output_styles_api" name="test_os_004_document_not_found" time="0.008" /><testcase classname="tests.integration.claude_code.test_output_styles_api" name="test_os_005_create_document" time="0.009" /><testcase classname="tests.integration.claude_code.test_output_styles_api" name="test_os_006_create_read_only_scope" time="0.009" /><testcase classname="tests.integration.claude_code.test_output_styles_api" name="test_os_007_update_document" time="0.009" /><testcase classname="tests.integration.claude_code.test_output_styles_api" name="test_os_008_delete_document" time="0.008" /><testcase classname="tests.integration.claude_code.test_settings_api" name="test_cset_001_get_all_settings" time="0.008" /><testcase classname="tests.integration.claude_code.test_settings_api" name="test_cset_002_get_scope_settings" time="0.006" /><testcase classname="tests.integration.claude_code.test_settings_api" name="test_cset_003_list_marketplaces" time="0.006" /><testcase classname="tests.integration.claude_code.test_settings_api" name="test_cset_004_update_settings_project" time="0.008" /><testcase classname="tests.integration.claude_code.test_settings_api" name="test_cset_005_update_settings_user" time="0.008" /><testcase classname="tests.integration.claude_code.test_slash_commands_api" name="test_sc_001_list_scopes" time="0.008" /><testcase classname="tests.integration.claude_code.test_slash_commands_api" name="test_sc_002_list_filtered_scope" time="0.009" /><testcase classname="tests.integration.claude_code.test_slash_commands_api" name="test_sc_003_get_scope_success" time="0.008" /><testcase classname="tests.integration.claude_code.test_slash_commands_api" name="test_sc_004_get_scope_invalid_scope" time="0.008" /><testcase classname="tests.integration.claude_code.test_slash_commands_api" name="test_sc_005_get_document_success" time="0.007" /><testcase classname="tests.integration.claude_code.test_slash_commands_api" name="test_sc_006_get_document_not_found" time="0.008" /><testcase classname="tests.integration.claude_code.test_slash_commands_api" name="test_sc_007_create_success" time="0.014" /><testcase classname="tests.integration.claude_code.test_slash_commands_api" name="test_sc_008_create_invalid_scope" time="0.010" /><testcase classname="tests.integration.claude_code.test_slash_commands_api" name="test_sc_009_create_readonly_scope" time="0.009" /><testcase classname="tests.integration.claude_code.test_slash_commands_api" name="test_sc_010_update_success" time="0.009" /><testcase classname="tests.integration.claude_code.test_slash_commands_api" name="test_sc_011_delete_success" time="0.009" /><testcase classname="tests.integration.claude_code.test_slash_commands_api" name="test_sc_012_delete_invalid_scope" time="0.008" /><testcase classname="tests.integration.claude_code.test_subagents_api" name="test_sa_001_list_scopes" time="0.008" /><testcase classname="tests.integration.claude_code.test_subagents_api" name="test_sa_002_list_filtered_scope" time="0.008" /><testcase classname="tests.integration.claude_code.test_subagents_api" name="test_sa_003_get_scope_success" time="0.010" /><testcase classname="tests.integration.claude_code.test_subagents_api" name="test_sa_004_get_scope_invalid_scope" time="0.008" /><testcase classname="tests.integration.claude_code.test_subagents_api" name="test_sa_005_get_document_success" time="0.007" /><testcase classname="tests.integration.claude_code.test_subagents_api" name="test_sa_006_get_document_not_found" time="0.007" /><testcase classname="tests.integration.claude_code.test_subagents_api" name="test_sa_007_create_success" time="0.007" /><testcase classname="tests.integration.claude_code.test_subagents_api" name="test_sa_008_create_invalid_scope" time="0.008" /><testcase classname="tests.integration.claude_code.test_subagents_api" name="test_sa_009_create_readonly_scope" time="0.008" /><testcase classname="tests.integration.claude_code.test_subagents_api" name="test_sa_010_update_success" time="0.012" /><testcase classname="tests.integration.claude_code.test_subagents_api" name="test_sa_011_delete_success" time="0.007" /><testcase classname="tests.integration.claude_code.test_subagents_api" name="test_sa_012_delete_invalid_scope" time="0.008" /><testcase classname="tests.integration.core.test_files_content_api" name="test_fl_004_read_text_file" time="0.010" /><testcase classname="tests.integration.core.test_files_content_api" name="test_fl_005_download_binary_raw_mode" time="0.013" /><testcase classname="tests.integration.core.test_files_content_api" name="test_fl_006_read_missing_file_returns_404" time="0.009" /><testcase classname="tests.integration.core.test_files_content_api" name="test_fl_007_write_file_updates_content" time="0.009" /><testcase classname="tests.integration.core.test_files_content_api" name="test_fl_008_write_file_readonly_scope" time="0.008" /><testcase classname="tests.integration.core.test_files_content_api" name="test_fl_009_batch_write_multiple_files" time="0.009" /><testcase classname="tests.integration.core.test_files_content_api" name="test_fl_010_create_file_and_directory" time="0.011" /><testcase classname="tests.integration.core.test_files_content_api" name="test_fl_011_create_duplicate_file_conflict" time="0.009" /><testcase classname="tests.integration.core.test_files_content_api" name="test_fl_012_delete_file_success" time="0.009" /><testcase classname="tests.integration.core.test_files_content_api" name="test_fl_013_delete_non_empty_directory_without_recursive" time="0.009" /><testcase classname="tests.integration.core.test_files_content_api" name="test_fl_014_batch_delete_mixed_results" time="0.016" /><testcase classname="tests.integration.core.test_files_content_api" name="test_fl_015_copy_file_with_overwrite_protection" time="0.015" /><testcase classname="tests.integration.core.test_files_content_api" name="test_fl_016_move_file_success_and_conflict" time="0.014" /><testcase classname="tests.integration.core.test_files_content_api" name="test_fl_017_upload_multiple_files_with_rename_strategy" time="0.016" /><testcase classname="tests.integration.core.test_files_content_api" name="test_fl_018_upload_zip_without_extract_stores_archive" time="0.016" /><testcase classname="tests.integration.core.test_files_content_api" name="test_fl_019_upload_zip_with_extract_and_keep_archive" time="0.025" /><testcase classname="tests.integration.core.test_files_content_api" name="test_fl_020_upload_zip_rejects_path_traversal" time="0.015" /><testcase classname="tests.integration.core.test_files_content_api" name="test_fl_021_upload_zip_reject_strategy_aborts_on_conflict" time="0.019" /><testcase classname="tests.integration.core.test_files_tree_api" name="test_fl_001_get_file_tree_root" time="0.012" /><testcase classname="tests.integration.core.test_files_tree_api" name="test_fl_002_get_file_tree_include_hidden" time="0.010" /><testcase classname="tests.integration.core.test_files_tree_api" name="test_fl_003_get_directory_children" time="0.009" /><testcase classname="tests.integration.core.test_health_check_api" name="test_hl_001_normal_status_update" time="0.008" /><testcase classname="tests.integration.core.test_health_check_api" name="test_hl_002_database_connection_failure" time="0.008" /><testcase classname="tests.integration.core.test_health_check_api" name="test_hl_003_workspace_not_found" time="0.007" /><testcase classname="tests.integration.core.test_health_check_api" name="test_hl_004_container_id_unavailable" time="0.008" /><testcase classname="tests.integration.core.test_health_check_api" name="test_hl_005_database_operational_error" time="0.009" /><testcase classname="tests.integration.core.test_preview_api" name="test_pv_001_scan_nextjs_routes" time="0.010" /><testcase classname="tests.integration.core.test_preview_api" name="test_pv_002_start_sync" time="0.012" /><testcase classname="tests.integration.core.test_preview_api" name="test_pv_003_query_sync_status" time="0.016" /><testcase classname="tests.integration.core.test_preview_api" name="test_pv_004_query_nonexistent_operation" time="0.031" /><testcase classname="tests.integration.core.test_preview_api" name="test_pv_005_preview_health_healthy" time="0.010" /><testcase classname="tests.integration.core.test_preview_api" name="test_pv_006_preview_unhealthy" time="0.008" /><testcase classname="tests.integration.core.test_version_control_api" name="test_vc_001_uninitialized_repository" time="0.008" /><testcase classname="tests.integration.core.test_version_control_api" name="test_vc_002_initialized_with_changes" time="0.009" /><testcase classname="tests.integration.core.test_version_control_api" name="test_vc_003_list_branches_with_remote" time="0.009" /><testcase classname="tests.integration.core.test_version_control_api" name="test_vc_004_branches_search_filter" time="0.007" /><testcase classname="tests.integration.core.test_version_control_api" name="test_vc_005_checkout_existing_branch" time="0.013" /><testcase classname="tests.integration.core.test_version_control_api" name="test_vc_006_create_and_checkout_new_branch" time="0.009" /><testcase classname="tests.integration.core.test_version_control_api" name="test_vc_007_get_all_changes" time="0.008" /><testcase classname="tests.integration.core.test_version_control_api" name="test_vc_008_scope_filter_changes" time="0.007" /><testcase classname="tests.integration.core.test_version_control_api" name="test_vc_009_stage_multiple_files" time="0.008" /><testcase classname="tests.integration.core.test_version_control_api" name="test_vc_010_unstage_files" time="0.009" /><testcase classname="tests.integration.core.test_version_control_api" name="test_vc_011_discard_unstaged_changes" time="0.009" /><testcase classname="tests.integration.core.test_version_control_api" name="test_vc_012_discard_nonexistent_file" time="0.008" /><testcase classname="tests.integration.core.test_version_control_api" name="test_vc_013_create_valid_commit" time="0.008" /><testcase classname="tests.integration.core.test_version_control_api" name="test_vc_014_commit_missing_message" time="0.106" /><testcase classname="tests.integration.core.test_version_control_api" name="test_vc_015_paginate_commits" time="0.008" /><testcase classname="tests.integration.core.test_version_control_api" name="test_vc_016_get_commit_details" time="0.008" /><testcase classname="tests.integration.core.test_version_control_api" name="test_vc_017_commit_not_found" time="0.007" /><testcase classname="tests.integration.core.test_version_control_api" name="test_vc_018_list_commit_files" time="0.006" /><testcase classname="tests.integration.core.test_version_control_api" name="test_vc_019_push_success" time="0.008" /><testcase classname="tests.integration.core.test_version_control_api" name="test_vc_020_push_auth_failure" time="0.009" /><testcase classname="tests.integration.core.test_version_control_api" name="test_vc_021_pull_success" time="0.008" /><testcase classname="tests.integration.core.test_version_control_api" name="test_vc_022_pull_conflict" time="0.011" /><testcase classname="tests.integration.core.test_version_control_api" name="test_vc_023_fetch_success" time="0.010" /><testcase classname="tests.integration.core.test_version_control_api" name="test_vc_024_fetch_remote_unreachable" time="0.016" /><testcase classname="tests.integration.core.test_version_control_api" name="test_vc_025_diff_with_metadata" time="0.008" /><testcase classname="tests.integration.core.test_version_control_api" name="test_vc_026_read_versioned_file" time="0.008" /><testcase classname="tests.integration.core.test_version_control_api" name="test_vc_027_file_not_found" time="0.007" /><testcase classname="tests.integration.core.test_version_control_api_new" name="test_vc_001_get_git_status_normal" time="0.007" /><testcase classname="tests.integration.core.test_version_control_api_new" name="test_vc_002_list_branches_with_remote" time="0.008" /><testcase classname="tests.integration.core.test_version_control_api_new" name="test_vc_003_branches_search_filter" time="0.008" /><testcase classname="tests.integration.core.test_version_control_api_new" name="test_vc_004_checkout_existing_branch" time="0.008" /><testcase classname="tests.integration.core.test_version_control_api_new" name="test_vc_005_create_and_checkout_new_branch" time="0.008" /><testcase classname="tests.integration.core.test_version_control_api_new" name="test_vc_006_get_all_changes" time="0.007" /><testcase classname="tests.integration.core.test_version_control_api_new" name="test_vc_007_scope_filter_changes" time="0.008" /><testcase classname="tests.integration.core.test_version_control_api_new" name="test_vc_008_stage_files" time="0.008" /><testcase classname="tests.integration.core.test_version_control_api_new" name="test_vc_009_unstage_files" time="0.011" /><testcase classname="tests.integration.core.test_version_control_api_new" name="test_vc_010_discard_changes" time="0.014" /><testcase classname="tests.integration.core.test_version_control_api_new" name="test_vc_011_create_commit" time="0.008" /><testcase classname="tests.integration.core.test_version_control_api_new" name="test_vc_012_commit_missing_message" time="0.007" /><testcase classname="tests.integration.core.test_version_control_api_new" name="test_vc_013_list_commits" time="0.008" /><testcase classname="tests.integration.core.test_version_control_api_new" name="test_vc_014_get_commit_detail" time="0.008" /><testcase classname="tests.integration.core.test_version_control_api_new" name="test_vc_015_commit_not_found" time="0.008" /><testcase classname="tests.integration.core.test_version_control_api_new" name="test_vc_016_push_changes" time="0.008" /><testcase classname="tests.integration.core.test_version_control_api_new" name="test_vc_017_pull_changes" time="0.008" /><testcase classname="tests.integration.core.test_version_control_api_new" name="test_vc_018_fetch_changes" time="0.009" /><testcase classname="tests.integration.core.test_version_control_api_new" name="test_vc_019_get_diff" time="0.030" /><testcase classname="tests.integration.core.test_version_control_api_new" name="test_vc_020_read_blob" time="0.012" /><testcase classname="tests.integration.internal.test_internal_settings_api" name="test_in_001_sync_ssh_keys_success" time="0.011" /><testcase classname="tests.integration.internal.test_internal_settings_api" name="test_in_002_sync_ssh_keys_failure" time="0.011" /><testcase classname="tests.integration.internal.test_internal_settings_api" name="test_in_006_apply_firewall_success" time="0.011" /><testcase classname="tests.integration.internal.test_internal_settings_api" name="test_in_007_apply_firewall_failure" time="0.011" /><testcase classname="tests.integration.internal.test_internal_settings_api" name="test_in_008_internal_health_success" time="0.008" /><testcase classname="tests.integration.internal.test_internal_settings_api" name="test_in_009_internal_health_invalid_token" time="0.008" /><testcase classname="tests.integration.internal.test_internal_settings_api" name="test_in_010_sync_claude_code_success" time="0.010" /><testcase classname="tests.integration.internal.test_internal_settings_api" name="test_in_011_sync_claude_code_failure" time="0.008" /><testcase classname="tests.integration.internal.test_internal_settings_api" name="test_in_012_sync_git_settings_success" time="0.008" /><testcase classname="tests.integration.internal.test_internal_settings_api" name="test_in_013_sync_git_settings_failure" time="0.008" /><testcase classname="tests.integration.internal.test_internal_settings_api" name="test_in_014_get_workspace_setup_status_success" time="0.009" /><testcase classname="tests.integration.internal.test_internal_settings_api" name="test_in_015_get_workspace_setup_status_failure" time="0.008" /><testcase classname="tests.integration.internal.test_internal_template_install_api" name="test_ti_001_install_slash_commands_success" time="0.010" /><testcase classname="tests.integration.internal.test_internal_template_install_api" name="test_ti_002_install_subagents_success" time="0.009" /><testcase classname="tests.integration.internal.test_internal_template_install_api" name="test_ti_003_install_output_styles_success" time="0.010" /><testcase classname="tests.integration.internal.test_internal_template_install_api" name="test_ti_004_install_claude_md_success" time="0.009" /><testcase classname="tests.integration.internal.test_internal_template_install_api" name="test_ti_005_install_mcp_servers_success" time="0.008" /><testcase classname="tests.integration.internal.test_internal_template_install_api" name="test_ti_006_install_hooks_success" time="0.008" /><testcase classname="tests.integration.internal.test_internal_template_install_api" name="test_ti_007_install_scripts_success" time="0.009" /><testcase classname="tests.integration.internal.test_internal_template_install_api" name="test_ti_008_install_template_batch_success" time="0.009" /><testcase classname="tests.integration.internal.test_internal_template_install_api" name="test_ti_009_install_template_batch_with_init_commands" time="0.009" /><testcase classname="tests.integration.internal.test_internal_template_install_api" name="test_ti_010_install_template_batch_partial_install" time="0.008" /><testcase classname="tests.integration.third_party.test_drawio_api" name="test_drawio_viewer_generates_url" time="0.009" /><testcase classname="tests.integration.third_party.test_drawio_api" name="test_drawio_viewer_empty_file_returns_error" time="0.009" /><testcase classname="tests.integration.third_party.test_drawio_api" name="test_drawio_viewer_file_not_found" time="0.009" /><testcase classname="tests.integration.third_party.test_drawio_api" name="test_drawio_save_success" time="0.008" /><testcase classname="tests.integration.third_party.test_drawio_api" name="test_drawio_save_empty_content_error" time="0.008" /><testcase classname="tests.integration.third_party.test_drawio_api" name="test_drawio_save_invalid_xml_error" time="0.008" /><testcase classname="tests.modules.agent_session.services.test_permission_service.TestPermissionServiceBasic" name="test_create_permission_request_generates_uuid" time="0.003" /><testcase classname="tests.modules.agent_session.services.test_permission_service.TestPermissionServiceBasic" name="test_create_permission_request_tracks_session" time="0.002" /><testcase classname="tests.modules.agent_session.services.test_permission_service.TestPermissionServiceBasic" name="test_create_permission_request_emits_event" time="0.002" /><testcase classname="tests.modules.agent_session.services.test_permission_service.TestPermissionServiceBasic" name="test_resolve_decision_approve" time="0.002" /><testcase classname="tests.modules.agent_session.services.test_permission_service.TestPermissionServiceBasic" name="test_resolve_decision_deny" time="0.002" /><testcase classname="tests.modules.agent_session.services.test_permission_service.TestPermissionServiceTimeout" name="test_wait_for_decision_timeout" time="0.104" /><testcase classname="tests.modules.agent_session.services.test_permission_service.TestPermissionServiceTimeout" name="test_handle_timeout" time="0.005" /><testcase classname="tests.modules.agent_session.services.test_permission_service.TestPermissionServiceCancel" name="test_cancel_request" time="0.002" /><testcase classname="tests.modules.agent_session.services.test_permission_service.TestPermissionServiceCancel" name="test_cancel_pending_requests" time="0.002" /><testcase classname="tests.modules.agent_session.services.test_permission_service.TestPermissionServiceCancel" name="test_cancel_pending_requests_on_deny" time="0.003" /><testcase classname="tests.modules.agent_session.services.test_permission_service.TestPermissionServiceConcurrent" name="test_concurrent_requests_same_session" time="0.003" /><testcase classname="tests.modules.agent_session.services.test_permission_service.TestPermissionServiceScopes" name="test_session_scope" time="0.002" /><testcase classname="tests.modules.agent_session.services.test_permission_service.TestPermissionServiceScopes" name="test_project_scope" time="0.002" /><testcase classname="tests.modules.agent_session.services.test_permission_service.TestPermissionServiceScopes" name="test_once_scope_no_remember" time="0.002" /><testcase classname="tests.modules.agent_session.services.test_permission_service.TestPermissionModeMapper" name="test_map_to_claude_code" time="0.004" /><testcase classname="tests.modules.agent_session.services.test_permission_service.TestPermissionModeMapper" name="test_map_to_gemini" time="0.000" /><testcase classname="tests.modules.agent_session.services.test_permission_service.TestPermissionModeMapper" name="test_map_to_codex_config" time="0.000" /><testcase classname="tests.test_glow_state" name="test_glow_state" time="0.121" /><testcase classname="tests.test_yahoo_cdp" name="test_yahoo_navigation" time="0.000"><skipped type="pytest.skip" message="需要明確啟用 Browser Relay E2E 測試">/app/tests/test_yahoo_cdp.py:83: 需要明確啟用 Browser Relay E2E 測試</skipped></testcase><testcase classname="tests.test_yahoo_navigation" name="test_yahoo_navigation" time="0.000"><skipped type="pytest.skip" message="需要明確啟用 Browser Relay E2E 測試">/app/tests/test_yahoo_navigation.py:41: 需要明確啟用 Browser Relay E2E 測試</skipped></testcase><testcase classname="tests.unit.config.test_settings" name="test_effective_allowed_origins_includes_frontend_public_url" time="0.003" /><testcase classname="tests.unit.config.test_settings" name="test_effective_allowed_origins_falls_back_to_localhost_in_development" time="0.002" /><testcase classname="tests.unit.config.test_settings" name="test_effective_allowed_origins_is_empty_in_production_without_configuration" time="0.002" /><testcase classname="tests.unit.core.test_redis" name="test_get_redis_initializes_once" time="0.006" /><testcase classname="tests.unit.core.test_redis" name="test_get_parses_json_string" time="0.003" /><testcase classname="tests.unit.core.test_redis" name="test_get_returns_plain_string_when_json_invalid" time="0.003" /><testcase classname="tests.unit.core.test_redis" name="test_set_uses_setex_when_expire_provided" time="0.003" /><testcase classname="tests.unit.core.test_redis" name="test_exists_returns_false_when_redis_raises" time="0.003" /><testcase classname="tests.unit.core.test_redis" name="test_close_resets_cached_connection" time="0.003" /><testcase classname="tests.unit.core.test_redis_publisher.TestPublishExecutionCompleted" name="test_publish_execution_completed_success" time="0.003" /><testcase classname="tests.unit.core.test_redis_publisher.TestPublishExecutionCompleted" name="test_publish_execution_completed_with_error" time="0.005" /><testcase classname="tests.unit.core.test_redis_publisher.TestPublishExecutionCompleted" name="test_publish_execution_completed_redis_failure" time="0.004" /><testcase classname="tests.unit.core.test_redis_publisher.TestPublishExecutionCompleted" name="test_publish_execution_completed_setex_failure" time="0.003" /><testcase classname="tests.unit.core.test_redis_publisher.TestClose" name="test_close_calls_redis_manager" time="0.002" /><testcase classname="tests.unit.core.test_redis_publisher.TestGetRedisPublisher" name="test_get_redis_publisher_singleton" time="0.000" /><testcase classname="tests.unit.core.test_redis_publisher.TestGetRedisPublisher" name="test_get_redis_publisher_returns_instance" time="0.000" /><testcase classname="tests.unit.core.test_redis_publisher.TestRedisEventData" name="test_event_data_structure_complete" time="0.003" /><testcase classname="tests.unit.core.test_redis_publisher.TestChannelNaming" name="test_channel_naming_convention" time="0.003" /><testcase classname="tests.unit.core.test_redis_publisher.TestChannelNaming" name="test_result_key_naming_convention" time="0.003" /><testcase classname="tests.unit.core.test_redis_publisher.TestErrorHandling" name="test_handles_get_redis_exception_gracefully" time="0.002" /><testcase classname="tests.unit.middleware.test_auth_middleware" name="test_get_current_user_id_returns_request_state_user_id" time="0.001" /><testcase classname="tests.unit.middleware.test_auth_middleware" name="test_public_path_bypasses_authentication" time="0.006" /><testcase classname="tests.unit.middleware.test_auth_middleware" name="test_internal_api_prefix_bypasses_authentication" time="0.004" /><testcase classname="tests.unit.middleware.test_auth_middleware" name="test_missing_authorization_header_returns_401" time="0.004" /><testcase classname="tests.unit.middleware.test_auth_middleware" name="test_valid_bearer_token_sets_request_state" time="0.004" /><testcase classname="tests.unit.middleware.test_auth_middleware" name="test_internal_token_authentication_sets_internal_test_user" time="0.004" /><testcase classname="tests.unit.middleware.test_auth_middleware" name="test_invalid_token_returns_token_expired_error" time="0.006" /><testcase classname="tests.unit.middleware.test_error_handler.TestErrorHandlerMiddleware" name="test_dispatch_success" time="0.002" /><testcase classname="tests.unit.middleware.test_error_handler.TestErrorHandlerMiddleware" name="test_dispatch_handles_exception" time="0.002" /><testcase classname="tests.unit.middleware.test_error_handler.TestErrorHandlerMiddleware" name="test_dispatch_logs_error" time="0.002" /><testcase classname="tests.unit.middleware.test_i18n_middleware" name="test_x_language_header_has_highest_priority" time="0.005" /><testcase classname="tests.unit.middleware.test_i18n_middleware" name="test_accept_language_used_when_x_language_missing" time="0.003" /><testcase classname="tests.unit.middleware.test_i18n_middleware" name="test_default_language_used_when_headers_missing" time="0.003" /><testcase classname="tests.unit.middleware.test_request_id_middleware" name="test_request_id_middleware_sets_state_and_response_header" time="0.004" /><testcase classname="tests.unit.models.test_common_models.TestAPIResponse" name="test_default_values" time="0.000" /><testcase classname="tests.unit.models.test_common_models.TestAPIResponse" name="test_custom_status" time="0.000" /><testcase classname="tests.unit.models.test_common_models.TestAPIResponse" name="test_with_message" time="0.000" /><testcase classname="tests.unit.models.test_common_models.TestAPIResponse" name="test_custom_status_and_message" time="0.000" /><testcase classname="tests.unit.models.test_common_models.TestAPIResponse" name="test_dict_serialization" time="0.000" /><testcase classname="tests.unit.models.test_common_models.TestAPIResponse" name="test_json_serialization" time="0.000" /><testcase classname="tests.unit.models.test_common_models.TestAPIResponse" name="test_from_dict" time="0.000" /><testcase classname="tests.unit.models.test_common_models.TestTimestampMixin" name="test_auto_timestamps" time="0.000" /><testcase classname="tests.unit.models.test_common_models.TestTimestampMixin" name="test_timestamps_are_recent" time="0.000" /><testcase classname="tests.unit.models.test_common_models.TestTimestampMixin" name="test_custom_timestamps" time="0.000" /><testcase classname="tests.unit.models.test_common_models.TestTimestampMixin" name="test_different_timestamps" time="0.000" /><testcase classname="tests.unit.models.test_common_models.TestTimestampMixin" name="test_dict_serialization" time="0.000" /><testcase classname="tests.unit.models.test_common_models.TestTimestampMixin" name="test_orm_mode_config" time="0.000" /><testcase classname="tests.unit.models.test_common_models.TestTimestampMixin" name="test_json_serialization" time="0.000" /><testcase classname="tests.unit.models.test_common_models.TestTimestampMixin" name="test_from_dict" time="0.001" /><testcase classname="tests.unit.models.test_common_models.TestIntegration" name="test_combining_models" time="0.001" /><testcase classname="tests.unit.models.test_common_models.TestIntegration" name="test_api_response_in_dict" time="0.000" /><testcase classname="tests.unit.models.test_common_models.TestIntegration" name="test_timestamp_comparison" time="0.002" /><testcase classname="tests.unit.modules.agent_session.domain.test_entities.TestAgentSession" name="test_create_session" time="0.001" /><testcase classname="tests.unit.modules.agent_session.domain.test_entities.TestAgentSession" name="test_session_to_data_blob" time="0.000" /><testcase classname="tests.unit.modules.agent_session.domain.test_entities.TestAgentSession" name="test_session_from_db_row" time="0.001" /><testcase classname="tests.unit.modules.agent_session.domain.test_entities.TestTask" name="test_task_state_transitions" time="0.000" /><testcase classname="tests.unit.modules.agent_session.domain.test_entities.TestTask" name="test_task_from_db_row" time="0.000" /><testcase classname="tests.unit.modules.agent_session.domain.test_entities.TestMessage" name="test_message_from_db_row" time="0.000" /><testcase classname="tests.unit.modules.agent_session.domain.test_entities.TestMessage" name="test_message_get_content_preview" time="0.000" /><testcase classname="tests.unit.modules.agent_session.domain.test_enums.TestAgentSessionStatus" name="test_values" time="0.001" /><testcase classname="tests.unit.modules.agent_session.domain.test_enums.TestAgentSessionStatus" name="test_membership" time="0.000" /><testcase classname="tests.unit.modules.agent_session.domain.test_enums.TestTaskStatus" name="test_values" time="0.000" /><testcase classname="tests.unit.modules.agent_session.domain.test_enums.TestTaskStatus" name="test_terminal_states" time="0.000" /><testcase classname="tests.unit.modules.agent_session.domain.test_enums.TestTaskStatus" name="test_is_terminal" time="0.000" /><testcase classname="tests.unit.modules.agent_session.domain.test_enums.TestTaskStatus" name="test_active_states" time="0.000" /><testcase classname="tests.unit.modules.agent_session.domain.test_enums.TestTaskStatus" name="test_is_active" time="0.000" /><testcase classname="tests.unit.modules.agent_session.domain.test_enums.TestAgenticTool" name="test_values" time="0.001" /><testcase classname="tests.unit.modules.agent_session.domain.test_enums.TestAgenticTool" name="test_from_string" time="0.000" /><testcase classname="tests.unit.modules.agent_session.domain.test_enums.TestAgenticTool" name="test_invalid_tool" time="0.000" /><testcase classname="tests.unit.modules.agent_session.domain.test_enums.TestMessageType" name="test_values" time="0.000" /><testcase classname="tests.unit.modules.agent_session.domain.test_enums.TestContentBlockType" name="test_values" time="0.000" /><testcase classname="tests.unit.modules.agent_session.domain.test_enums.TestPermissionEnums" name="test_permission_mode" time="0.000" /><testcase classname="tests.unit.modules.agent_session.domain.test_enums.TestPermissionEnums" name="test_permission_scope" time="0.000" /><testcase classname="tests.unit.modules.agent_session.domain.test_enums.TestPermissionEnums" name="test_permission_status" time="0.000" /><testcase classname="tests.unit.modules.agent_session.domain.test_value_objects.TestPermissionConfig" name="test_default_config" time="0.001" /><testcase classname="tests.unit.modules.agent_session.domain.test_value_objects.TestPermissionConfig" name="test_custom_config" time="0.000" /><testcase classname="tests.unit.modules.agent_session.domain.test_value_objects.TestPermissionConfig" name="test_to_dict" time="0.000" /><testcase classname="tests.unit.modules.agent_session.domain.test_value_objects.TestPermissionConfig" name="test_from_dict" time="0.000" /><testcase classname="tests.unit.modules.agent_session.domain.test_value_objects.TestModelConfig" name="test_default_config" time="0.000" /><testcase classname="tests.unit.modules.agent_session.domain.test_value_objects.TestModelConfig" name="test_custom_config" time="0.000" /><testcase classname="tests.unit.modules.agent_session.domain.test_value_objects.TestModelConfig" name="test_to_dict" time="0.000" /><testcase classname="tests.unit.modules.agent_session.domain.test_value_objects.TestModelConfig" name="test_from_dict" time="0.000" /><testcase classname="tests.unit.modules.agent_session.domain.test_value_objects.TestTokenUsage" name="test_basic_usage" time="0.000" /><testcase classname="tests.unit.modules.agent_session.domain.test_value_objects.TestTokenUsage" name="test_with_cache" time="0.000" /><testcase classname="tests.unit.modules.agent_session.domain.test_value_objects.TestTokenUsage" name="test_to_dict" time="0.000" /><testcase classname="tests.unit.modules.agent_session.domain.test_value_objects.TestTokenUsage" name="test_from_dict" time="0.000" /><testcase classname="tests.unit.modules.agent_session.domain.test_value_objects.TestContextWindowStatus" name="test_basic_status" time="0.000" /><testcase classname="tests.unit.modules.agent_session.domain.test_value_objects.TestContextWindowStatus" name="test_from_usage" time="0.000" /><testcase classname="tests.unit.modules.agent_session.domain.test_value_objects.TestContextWindowStatus" name="test_needs_compaction_threshold" time="0.000" /><testcase classname="tests.unit.modules.agent_session.domain.test_value_objects.TestToolCapabilities" name="test_claude_code_capabilities" time="0.000" /><testcase classname="tests.unit.modules.agent_session.domain.test_value_objects.TestToolCapabilities" name="test_gemini_capabilities" time="0.000" /><testcase classname="tests.unit.modules.agent_session.domain.test_value_objects.TestToolCapabilities" name="test_codex_capabilities" time="0.000" /><testcase classname="tests.unit.modules.agent_session.domain.test_value_objects.TestToolCapabilities" name="test_opencode_capabilities" time="0.000" /><testcase classname="tests.unit.modules.agent_session.domain.test_value_objects.TestToolCapabilities" name="test_to_dict" time="0.000" /><testcase classname="tests.unit.modules.agent_session.domain.test_value_objects.TestMessageRange" name="test_basic_range" time="0.000" /><testcase classname="tests.unit.modules.agent_session.domain.test_value_objects.TestMessageRange" name="test_to_dict" time="0.000" /><testcase classname="tests.unit.modules.agent_session.domain.test_value_objects.TestMessageRange" name="test_from_dict" time="0.000" /><testcase classname="tests.unit.modules.agent_session.domain.test_value_objects.TestToolUse" name="test_basic_tool_use" time="0.000" /><testcase classname="tests.unit.modules.agent_session.domain.test_value_objects.TestToolUse" name="test_to_dict" time="0.000" /><testcase classname="tests.unit.modules.agent_session.domain.test_value_objects.TestToolUse" name="test_from_dict" time="0.000" /><testcase classname="tests.unit.modules.agent_session.domain.test_value_objects.TestPermissionRequestContent" name="test_basic_request" time="0.000" /><testcase classname="tests.unit.modules.agent_session.domain.test_value_objects.TestPermissionRequestContent" name="test_with_decision" time="0.000" /><testcase classname="tests.unit.modules.agent_session.domain.test_value_objects.TestPermissionRequestContent" name="test_to_dict" time="0.000" /><testcase classname="tests.unit.modules.agent_session.domain.test_value_objects.TestPermissionRequestContent" name="test_from_dict" time="0.000" /><testcase classname="tests.unit.modules.agent_session.repositories.test_agent_session_repository" name="test_find_methods_build_and_return_results" time="0.003" /><testcase classname="tests.unit.modules.agent_session.repositories.test_agent_session_repository" name="test_update_and_json_blob_mutations" time="0.002" /><testcase classname="tests.unit.modules.agent_session.repositories.test_agent_session_repository" name="test_context_usage_archive_and_to_entity" time="0.002" /><testcase classname="tests.unit.modules.agent_session.repositories.test_base_repository.TestBaseRepositoryLogic" name="test_short_id_matching_logic" time="0.001" /><testcase classname="tests.unit.modules.agent_session.repositories.test_base_repository.TestBaseRepositoryLogic" name="test_short_id_unique_match" time="0.000" /><testcase classname="tests.unit.modules.agent_session.repositories.test_base_repository.TestBaseRepositoryLogic" name="test_short_id_no_match" time="0.000" /><testcase classname="tests.unit.modules.agent_session.repositories.test_base_repository.TestRepositoryCRUDLogic" name="test_update_data_merge" time="0.000" /><testcase classname="tests.unit.modules.agent_session.repositories.test_base_repository.TestRepositoryCRUDLogic" name="test_filter_building" time="0.000" /><testcase classname="tests.unit.modules.agent_session.repositories.test_base_repository.TestRepositoryCRUDLogic" name="test_pagination_calculation" time="0.000" /><testcase classname="tests.unit.modules.agent_session.repositories.test_base_repository.TestRepositoryEntityConversion" name="test_db_row_to_entity_fields" time="0.000" /><testcase classname="tests.unit.modules.agent_session.repositories.test_base_repository.TestRepositoryEntityConversion" name="test_entity_to_data_blob" time="0.000" /><testcase classname="tests.unit.modules.agent_session.repositories.test_base_repository" name="test_find_by_id_returns_exact_match_without_short_id_lookup" time="0.003" /><testcase classname="tests.unit.modules.agent_session.repositories.test_base_repository" name="test_find_by_id_returns_unique_short_id_match" time="0.003" /><testcase classname="tests.unit.modules.agent_session.repositories.test_base_repository" name="test_find_by_id_raises_for_ambiguous_short_id" time="0.004" /><testcase classname="tests.unit.modules.agent_session.repositories.test_base_repository" name="test_find_by_id_returns_none_for_long_missing_id" time="0.002" /><testcase classname="tests.unit.modules.agent_session.repositories.test_base_repository" name="test_find_all_applies_filters_and_returns_rows" time="0.006" /><testcase classname="tests.unit.modules.agent_session.repositories.test_base_repository" name="test_create_adds_and_refreshes_instance" time="0.002" /><testcase classname="tests.unit.modules.agent_session.repositories.test_base_repository" name="test_update_returns_none_when_record_missing" time="0.002" /><testcase classname="tests.unit.modules.agent_session.repositories.test_base_repository" name="test_update_uses_resolved_actual_id" time="0.003" /><testcase classname="tests.unit.modules.agent_session.repositories.test_base_repository" name="test_delete_returns_false_when_record_missing" time="0.002" /><testcase classname="tests.unit.modules.agent_session.repositories.test_base_repository" name="test_delete_returns_true_when_row_deleted" time="0.003" /><testcase classname="tests.unit.modules.agent_session.repositories.test_base_repository" name="test_count_applies_filters_and_defaults_to_zero" time="0.004" /><testcase classname="tests.unit.modules.agent_session.repositories.test_base_repository" name="test_exists_uses_find_by_id" time="0.002" /><testcase classname="tests.unit.modules.agent_session.repositories.test_message_repository" name="test_find_and_index_methods_return_expected_rows" time="0.003" /><testcase classname="tests.unit.modules.agent_session.repositories.test_message_repository" name="test_create_bulk_delete_and_queue_methods" time="0.011" /><testcase classname="tests.unit.modules.agent_session.repositories.test_message_repository" name="test_permission_request_lookup_and_to_entity" time="0.002" /><testcase classname="tests.unit.modules.agent_session.repositories.test_task_repository" name="test_find_methods_and_start_task" time="0.003" /><testcase classname="tests.unit.modules.agent_session.repositories.test_task_repository" name="test_complete_fail_stop_and_permission_updates" time="0.002" /><testcase classname="tests.unit.modules.agent_session.repositories.test_task_repository" name="test_increment_tool_use_and_to_entity" time="0.002" /><testcase classname="tests.unit.modules.agent_session.services.test_execution_service" name="test_websocket_streaming_callbacks_emit_expected_events" time="0.002" /><testcase classname="tests.unit.modules.agent_session.services.test_execution_service" name="test_emit_event_handles_special_generic_and_unknown_events" time="0.001" /><testcase classname="tests.unit.modules.agent_session.services.test_execution_service" name="test_emit_event_falls_back_to_asyncio_run" time="0.001" /><testcase classname="tests.unit.modules.agent_session.services.test_execution_service" name="test_execution_service_lock_management_and_context_window" time="0.001" /><testcase classname="tests.unit.modules.agent_session.services.test_execution_service" name="test_stop_task_uses_explicit_and_inferred_tool_type" time="0.004" /><testcase classname="tests.unit.modules.agent_session.services.test_execution_service" name="test_publish_automation_completed_success_and_failure" time="0.004" /><testcase classname="tests.unit.modules.agent_session.services.test_execution_service" name="test_get_tool_and_execute_prompt_queue_paths" time="0.004" /><testcase classname="tests.unit.modules.agent_session.services.test_execution_service" name="test_execute_prompt_uses_internal_when_lock_is_free" time="0.001" /><testcase classname="tests.unit.modules.agent_session.services.test_execution_service" name="test_execute_prompt_internal_handles_missing_session_and_active_task_queue" time="0.003" /><testcase classname="tests.unit.modules.agent_session.services.test_execution_service" name="test_execute_prompt_internal_starts_task_and_tracks_background_job" time="0.004" /><testcase classname="tests.unit.modules.agent_session.services.test_execution_service" name="test_execute_in_background_success_stopped_and_failure" time="0.011" /><testcase classname="tests.unit.modules.agent_session.services.test_execution_service" name="test_process_queue_and_internal_success_and_failure" time="0.005" /><testcase classname="tests.unit.modules.agent_session.services.test_message_service" name="test_create_message_serializes_tool_uses_and_updates_first_title" time="0.006" /><testcase classname="tests.unit.modules.agent_session.services.test_message_service" name="test_find_messages_requires_session_id" time="0.005" /><testcase classname="tests.unit.modules.agent_session.services.test_message_service" name="test_find_messages_builds_filters_and_returns_entities" time="0.004" /><testcase classname="tests.unit.modules.agent_session.services.test_message_service" name="test_create_bulk_empty_returns_empty_list" time="0.004" /><testcase classname="tests.unit.modules.agent_session.services.test_message_service" name="test_create_permission_request_and_update_permission_request" time="0.005" /><testcase classname="tests.unit.modules.agent_session.services.test_message_service" name="test_update_permission_request_returns_none_when_message_missing" time="0.003" /><testcase classname="tests.unit.modules.agent_session.services.test_message_service" name="test_queue_methods_delegate_to_repository" time="0.005" /><testcase classname="tests.unit.modules.agent_session.services.test_message_service" name="test_json_helpers_and_content_preview" time="0.003" /><testcase classname="tests.unit.modules.agent_session.services.test_message_service" name="test_update_session_title_from_first_message_handles_truncation_and_bad_data" time="0.005" /><testcase classname="tests.unit.modules.agent_session.services.test_message_service" name="test_update_session_title_from_first_message_skips_when_session_missing_or_has_title" time="0.004" /><testcase classname="tests.unit.modules.agent_session.services.test_permission_service.TestPermissionService" name="test_create_permission_request" time="0.003" /><testcase classname="tests.unit.modules.agent_session.services.test_permission_service.TestPermissionService" name="test_resolve_decision_approve" time="0.003" /><testcase classname="tests.unit.modules.agent_session.services.test_permission_service.TestPermissionService" name="test_resolve_decision_deny" time="0.003" /><testcase classname="tests.unit.modules.agent_session.services.test_permission_service.TestPermissionService" name="test_resolve_decision_task_not_found" time="0.003" /><testcase classname="tests.unit.modules.agent_session.services.test_permission_service.TestPermissionService" name="test_cancel_request" time="0.002" /><testcase classname="tests.unit.modules.agent_session.services.test_permission_service.TestPermissionService" name="test_wait_for_decision_timeout" time="0.013" /><testcase classname="tests.unit.modules.agent_session.services.test_permission_service.TestPermissionServiceEdgeCases" name="test_concurrent_requests" time="0.002" /><testcase classname="tests.unit.modules.agent_session.services.test_permission_service.TestPermissionServiceEdgeCases" name="test_double_resolve" time="0.003" /><testcase classname="tests.unit.modules.agent_session.services.test_permission_service.TestPermissionServiceEdgeCases" name="test_pending_decisions_state" time="0.003" /><testcase classname="tests.unit.modules.agent_session.services.test_session_service.TestAgentSessionService" name="test_create_session_default_tool" time="0.002" /><testcase classname="tests.unit.modules.agent_session.services.test_session_service.TestAgentSessionService" name="test_get_session_found" time="0.002" /><testcase classname="tests.unit.modules.agent_session.services.test_session_service.TestAgentSessionService" name="test_get_session_not_found" time="0.002" /><testcase classname="tests.unit.modules.agent_session.services.test_session_service.TestAgentSessionService" name="test_archive_session" time="0.002" /><testcase classname="tests.unit.modules.agent_session.services.test_session_service.TestAgentSessionService" name="test_update_session_status" time="0.004" /><testcase classname="tests.unit.modules.agent_session.services.test_session_service.TestAgentSessionService" name="test_delete_session" time="0.002" /><testcase classname="tests.unit.modules.agent_session.services.test_session_service.TestAgentSessionService" name="test_find_sessions" time="0.002" /><testcase classname="tests.unit.modules.agent_session.services.test_session_service.TestAgentSessionService" name="test_create_session_serializes_permission_model_and_context_window" time="0.003" /><testcase classname="tests.unit.modules.agent_session.services.test_session_service.TestAgentSessionService" name="test_create_session_ignores_emitter_error_and_returns_entity" time="0.003" /><testcase classname="tests.unit.modules.agent_session.services.test_session_service.TestAgentSessionService" name="test_find_sessions_builds_full_filters" time="0.002" /><testcase classname="tests.unit.modules.agent_session.services.test_session_service.TestAgentSessionService" name="test_update_session_returns_none_when_missing" time="0.002" /><testcase classname="tests.unit.modules.agent_session.services.test_session_service.TestAgentSessionService" name="test_update_session_returns_existing_entity_when_no_changes" time="0.003" /><testcase classname="tests.unit.modules.agent_session.services.test_session_service.TestAgentSessionService" name="test_update_session_merges_title_permission_and_model_settings" time="0.004" /><testcase classname="tests.unit.modules.agent_session.services.test_session_service.TestAgentSessionService" name="test_update_session_returns_none_when_update_fails" time="0.002" /><testcase classname="tests.unit.modules.agent_session.services.test_session_service.TestAgentSessionService" name="test_archive_session_returns_none_when_missing" time="0.002" /><testcase classname="tests.unit.modules.agent_session.services.test_session_service.TestAgentSessionService" name="test_get_current_execution_handles_missing_running_session" time="0.002" /><testcase classname="tests.unit.modules.agent_session.services.test_session_service.TestAgentSessionService" name="test_get_current_execution_returns_active_task_info" time="0.004" /><testcase classname="tests.unit.modules.agent_session.services.test_session_service.TestAgentSessionService" name="test_update_status_add_task_increments_and_context_usage_return_entities" time="0.006" /><testcase classname="tests.unit.modules.agent_session.services.test_session_service.TestAgentSessionService" name="test_update_status_related_methods_return_none_when_repo_returns_none" time="0.004" /><testcase classname="tests.unit.modules.agent_session.services.test_session_service.TestAgentSessionService" name="test_get_tool_capabilities_helpers_and_event_data" time="0.002" /><testcase classname="tests.unit.modules.agent_session.services.test_task_service.TestTaskService" name="test_create_task" time="0.003" /><testcase classname="tests.unit.modules.agent_session.services.test_task_service.TestTaskService" name="test_get_task_found" time="0.007" /><testcase classname="tests.unit.modules.agent_session.services.test_task_service.TestTaskService" name="test_get_task_not_found" time="0.005" /><testcase classname="tests.unit.modules.agent_session.services.test_task_service.TestTaskService" name="test_start_task" time="0.003" /><testcase classname="tests.unit.modules.agent_session.services.test_task_service.TestTaskService" name="test_complete_task" time="0.003" /><testcase classname="tests.unit.modules.agent_session.services.test_task_service.TestTaskService" name="test_fail_task" time="0.003" /><testcase classname="tests.unit.modules.agent_session.services.test_task_service.TestTaskService" name="test_stop_task" time="0.004" /><testcase classname="tests.unit.modules.agent_session.services.test_task_service.TestTaskService" name="test_stop_task_not_found" time="0.003" /><testcase classname="tests.unit.modules.agent_session.services.test_task_service.TestTaskService" name="test_stop_task_already_stopped" time="0.005" /><testcase classname="tests.unit.modules.agent_session.services.test_task_service.TestTaskService" name="test_set_awaiting_permission" time="0.004" /><testcase classname="tests.unit.modules.agent_session.services.test_task_service.TestTaskService" name="test_resume_from_permission" time="0.003" /><testcase classname="tests.unit.modules.agent_session.services.test_task_service.TestTaskService" name="test_get_active_task" time="0.002" /><testcase classname="tests.unit.modules.agent_session.services.test_task_service.TestTaskService" name="test_get_active_task_none" time="0.002" /><testcase classname="tests.unit.modules.agent_session.services.test_task_service.TestTokenUsageExtraction" name="test_extract_claude_usage" time="0.000" /><testcase classname="tests.unit.modules.agent_session.services.test_task_service.TestTokenUsageExtraction" name="test_extract_codex_usage" time="0.000" /><testcase classname="tests.unit.modules.agent_session.services.test_task_service.TestTokenUsageExtraction" name="test_extract_gemini_usage" time="0.000" /><testcase classname="tests.unit.modules.agent_session.services.test_task_service.TestTokenUsageExtraction" name="test_extract_no_usage" time="0.000" /><testcase classname="tests.unit.modules.agent_session.services.test_tool_decision_service" name="test_create_tool_decision_request_updates_task_session_and_emits_event" time="0.004" /><testcase classname="tests.unit.modules.agent_session.services.test_tool_decision_service" name="test_wait_for_decision_success_and_timeout_cleanup" time="0.013" /><testcase classname="tests.unit.modules.agent_session.services.test_tool_decision_service" name="test_resolve_decision_approved_and_denied_paths" time="0.006" /><testcase classname="tests.unit.modules.agent_session.services.test_tool_decision_service" name="test_resolve_decision_raises_when_task_missing" time="0.003" /><testcase classname="tests.unit.modules.agent_session.services.test_tool_decision_service" name="test_handle_timeout_and_cancel_methods" time="0.003" /><testcase classname="tests.unit.modules.agent_session.services.test_tool_decision_service" name="test_helper_methods_cover_option_resolution_and_request_content" time="0.002" /><testcase classname="tests.unit.modules.agent_session.services.tools.acp.test_acp_client" name="test_streaming_buffers_and_session_update_routes_events" time="0.002" /><testcase classname="tests.unit.modules.agent_session.services.tools.acp.test_acp_client" name="test_request_permission_handles_allow_reject_and_timeout" time="0.003" /><testcase classname="tests.unit.modules.agent_session.services.tools.acp.test_acp_client" name="test_file_and_terminal_wrappers" time="0.003" /><testcase classname="tests.unit.modules.agent_session.services.tools.acp.test_acp_client" name="test_handle_decision_timeout_persists_and_emits" time="0.002" /><testcase classname="tests.unit.modules.agent_session.services.tools.acp.test_acp_client" name="test_path_and_serialization_helpers" time="0.002" /><testcase classname="tests.unit.modules.agent_session.services.tools.acp.test_acp_client" name="test_on_connect_resolve_decision_and_misc_methods" time="0.002" /><testcase classname="tests.unit.modules.agent_session.services.tools.acp.test_acp_tool" name="test_execute_task_builds_messages_and_result" time="0.005" /><testcase classname="tests.unit.modules.agent_session.services.tools.acp.test_acp_tool" name="test_execute_task_validates_session_and_workspace" time="0.005" /><testcase classname="tests.unit.modules.agent_session.services.tools.acp.test_acp_tool" name="test_ensure_sdk_session_and_persist_behaviors" time="0.005" /><testcase classname="tests.unit.modules.agent_session.services.tools.acp.test_acp_tool" name="test_stop_task_check_installed_and_properties" time="0.002" /><testcase classname="tests.unit.modules.agent_session.services.tools.acp.test_client_tool_payload_normalization" name="test_emit_tool_start_preserves_acp_raw_shape" time="0.001" /><testcase classname="tests.unit.modules.agent_session.services.tools.acp.test_client_tool_payload_normalization" name="test_emit_tool_update_uses_raw_result_payload" time="0.001" /><testcase classname="tests.unit.modules.agent_session.services.tools.acp.test_client_tool_payload_normalization" name="test_emit_tool_update_backfills_execution_when_start_missing" time="0.001" /><testcase classname="tests.unit.modules.agent_session.services.tools.acp.test_client_tool_payload_normalization" name="test_emit_tool_update_failed_uses_acp_shape_and_error_event" time="0.001" /><testcase classname="tests.unit.modules.agent_session.services.tools.acp.test_client_tool_payload_normalization" name="test_emit_tool_update_does_not_fallback_to_raw_output_when_content_empty" time="0.001" /><testcase classname="tests.unit.modules.agent_session.services.tools.acp.test_connection_manager" name="test_get_or_create_reuses_alive_connection_and_replaces_dead_one" time="0.002" /><testcase classname="tests.unit.modules.agent_session.services.tools.acp.test_connection_manager" name="test_close_and_close_all_cleanup_connections" time="0.002" /><testcase classname="tests.unit.modules.agent_session.services.tools.acp.test_connection_manager" name="test_create_connection_initializes_and_handles_failures" time="0.005" /><testcase classname="tests.unit.modules.agent_session.services.tools.acp.test_connection_manager" name="test_initialize_and_close_connection" time="0.002" /><testcase classname="tests.unit.modules.agent_session.services.tools.acp.test_message_builder" name="test_create_user_message_normalizes_string_content" time="0.002" /><testcase classname="tests.unit.modules.agent_session.services.tools.acp.test_message_builder" name="test_create_assistant_message_preserves_list_content_and_merges_metadata" time="0.001" /><testcase classname="tests.unit.modules.agent_session.services.tools.acp.test_terminal_manager" name="test_append_output_with_limit_truncates" time="0.000" /><testcase classname="tests.unit.modules.agent_session.services.tools.acp.test_terminal_manager" name="test_terminal_manager_create_get_wait_kill_release" time="0.003" /><testcase classname="tests.unit.modules.agent_session.services.tools.acp.test_terminal_manager" name="test_resolve_cwd_stays_within_workspace" time="0.002" /><testcase classname="tests.unit.modules.agent_session.services.tools.acp.test_tool_manager" name="test_acp_tool_manager_creates_caches_and_updates_workspace" time="0.002" /><testcase classname="tests.unit.modules.agent_session.services.tools.acp.test_tool_manager" name="test_acp_tool_manager_reset_replaces_connection_manager" time="0.001" /><testcase classname="tests.unit.modules.agent_session.services.tools.acp.test_tool_manager" name="test_get_acp_tool_manager_returns_singleton" time="0.001" /><testcase classname="tests.unit.modules.agent_session.services.tools.claude.test_claude_tool" name="test_execute_task_orchestrates_streaming_messages_and_updates_metadata" time="0.018" /><testcase classname="tests.unit.modules.agent_session.services.tools.claude.test_claude_tool" name="test_execute_task_handles_stopped_event_and_skips_permission_hooks_without_callbacks" time="0.006" /><testcase classname="tests.unit.modules.agent_session.services.tools.claude.test_claude_tool" name="test_stop_task_set_permission_mode_and_basic_properties" time="0.002" /><testcase classname="tests.unit.modules.agent_session.services.tools.claude.test_claude_tool" name="test_check_installed_returns_true" time="0.001" /><testcase classname="tests.unit.modules.agent_session.services.tools.claude.test_message_builder" name="test_create_user_message_normalizes_string_content" time="0.002" /><testcase classname="tests.unit.modules.agent_session.services.tools.claude.test_message_builder" name="test_create_assistant_message_includes_metadata_and_tokens" time="0.002" /><testcase classname="tests.unit.modules.agent_session.services.tools.claude.test_message_builder" name="test_create_tool_result_and_system_message_metadata" time="0.002" /><testcase classname="tests.unit.modules.agent_session.services.tools.claude.test_message_processor" name="test_process_assistant_message_tracks_tools_thinking_and_results" time="0.002" /><testcase classname="tests.unit.modules.agent_session.services.tools.claude.test_message_processor" name="test_process_result_message_captures_usage_and_structured_output" time="0.002" /><testcase classname="tests.unit.modules.agent_session.services.tools.claude.test_message_processor" name="test_process_user_and_system_messages_update_content_and_model" time="0.001" /><testcase classname="tests.unit.modules.agent_session.services.tools.claude.test_message_processor" name="test_process_stream_events_cover_message_start_delta_and_stop" time="0.002" /><testcase classname="tests.unit.modules.agent_session.services.tools.claude.test_message_processor" name="test_process_handles_disabled_streaming_unknown_message_and_timeout" time="0.001" /><testcase classname="tests.unit.modules.agent_session.services.tools.claude.test_permission_hooks" name="test_can_use_tool_user_input_returns_updated_answers" time="0.003" /><testcase classname="tests.unit.modules.agent_session.services.tools.claude.test_permission_hooks" name="test_can_use_tool_user_input_timeout_and_aborted_signal_return_deny" time="0.003" /><testcase classname="tests.unit.modules.agent_session.services.tools.claude.test_permission_hooks" name="test_can_use_tool_permission_flow_supports_updates_deny_and_aborted_signal" time="0.003" /><testcase classname="tests.unit.modules.agent_session.services.tools.claude.test_permission_hooks" name="test_wait_for_decision_supports_resolve_signal_cancel_and_timeout" time="0.002" /><testcase classname="tests.unit.modules.agent_session.services.tools.claude.test_permission_hooks" name="test_build_input_resolve_decision_and_serialize_helpers" time="0.001" /><testcase classname="tests.unit.modules.agent_session.services.tools.claude.test_permission_hooks" name="test_handle_timeout_emits_event_and_fails_task" time="0.002" /><testcase classname="tests.unit.modules.agent_session.services.tools.claude.test_prompt_service" name="test_prompt_session_streaming_requires_existing_session" time="0.002" /><testcase classname="tests.unit.modules.agent_session.services.tools.claude.test_prompt_service" name="test_prompt_session_streaming_yields_processor_events" time="0.002" /><testcase classname="tests.unit.modules.agent_session.services.tools.claude.test_prompt_service" name="test_prompt_session_streaming_uses_async_iterable_query_when_can_use_tool_is_set" time="0.002" /><testcase classname="tests.unit.modules.agent_session.services.tools.claude.test_prompt_service" name="test_prompt_session_streaming_stops_when_abort_event_is_set" time="0.002" /><testcase classname="tests.unit.modules.agent_session.services.tools.claude.test_prompt_service" name="test_prompt_session_streaming_converts_abort_like_errors_to_stopped" time="0.002" /><testcase classname="tests.unit.modules.agent_session.services.tools.claude.test_prompt_service" name="test_prompt_session_streaming_raises_timeout_when_processor_times_out" time="0.003" /><testcase classname="tests.unit.modules.agent_session.services.tools.claude.test_prompt_service" name="test_set_permission_mode_and_cleanup_client_cover_success_and_failures" time="0.003" /><testcase classname="tests.unit.modules.agent_session.services.tools.claude.test_query_builder" name="test_to_sdk_permission_mode_passthrough" time="0.001" /><testcase classname="tests.unit.modules.agent_session.services.tools.claude.test_query_builder" name="test_setup_query_builds_expected_options" time="0.002" /><testcase classname="tests.unit.modules.agent_session.services.tools.claude.test_query_builder" name="test_setup_query_uses_session_defaults_and_missing_session_errors" time="0.003" /><testcase classname="tests.unit.modules.agent_session.services.tools.claude.test_tool_manager" name="test_claude_tool_manager_creates_and_caches_singleton" time="0.001" /><testcase classname="tests.unit.modules.agent_session.services.tools.claude.test_tool_manager" name="test_get_claude_tool_manager_returns_singleton" time="0.000" /><testcase classname="tests.unit.modules.agent_session.test_agent_session_router" name="test_session_crud_and_listing_routes" time="0.004" /><testcase classname="tests.unit.modules.agent_session.test_agent_session_router" name="test_execute_prompt_maps_execution_errors" time="0.002" /><testcase classname="tests.unit.modules.agent_session.test_agent_session_router" name="test_handle_tool_decision_and_submit_tool_result" time="0.002" /><testcase classname="tests.unit.modules.agent_session.test_agent_session_router" name="test_queued_message_routes" time="0.003" /><testcase classname="tests.unit.modules.agent_session.test_message_router" name="test_message_router_crud_and_bulk" time="0.003" /><testcase classname="tests.unit.modules.agent_session.test_task_router" name="test_task_router_crud_and_stop" time="0.004" /><testcase classname="tests.unit.modules.agent_session.websocket.test_manager" name="test_replay_mode_queues_then_flushes_messages" time="0.003" /><testcase classname="tests.unit.modules.agent_session.websocket.test_manager" name="test_send_to_session_appends_seq_when_missing" time="0.002" /><testcase classname="tests.unit.modules.agent_session.websocket.test_manager" name="test_send_to_session_preserves_existing_seq" time="0.002" /><testcase classname="tests.unit.modules.agent_session.websocket.test_manager" name="test_connect_disconnect_subscribe_and_unsubscribe_counts" time="0.002" /><testcase classname="tests.unit.modules.agent_session.websocket.test_manager" name="test_subscribe_unsubscribe_and_replay_mode_return_false_for_missing_connection" time="0.001" /><testcase classname="tests.unit.modules.agent_session.websocket.test_manager" name="test_finish_replay_mode_stops_on_send_error" time="0.002" /><testcase classname="tests.unit.modules.agent_session.websocket.test_manager" name="test_broadcast_and_send_helpers_handle_disconnects_and_replay_queue" time="0.003" /><testcase classname="tests.unit.modules.agent_session.websocket.test_manager" name="test_send_to_session_returns_zero_on_missing_subscription_and_serialization_error" time="0.003" /><testcase classname="tests.unit.modules.agent_session.websocket.test_manager" name="test_global_connection_manager_reset" time="0.000" /><testcase classname="tests.unit.modules.agent_session.websocket.test_replay_store" name="test_append_event_assigns_seq_and_persists" time="0.003" /><testcase classname="tests.unit.modules.agent_session.websocket.test_replay_store" name="test_list_events_since_filters_invalid_json" time="0.003" /><testcase classname="tests.unit.modules.agent_session.websocket.test_replay_store" name="test_append_event_rejects_invalid_session_id" time="0.003" /><testcase classname="tests.unit.modules.agent_session.websocket.test_replay_store" name="test_list_events_since_rejects_invalid_session_id" time="0.001" /><testcase classname="tests.unit.modules.agent_session.websocket.test_router" name="test_handle_client_message_ping_subscribe_unsubscribe_and_errors" time="0.003" /><testcase classname="tests.unit.modules.agent_session.websocket.test_router" name="test_replay_pending_tool_decision_variants" time="0.003" /><testcase classname="tests.unit.modules.agent_session.websocket.test_router" name="test_replay_session_events_batches_and_stops_on_send_failure" time="0.002" /><testcase classname="tests.unit.modules.agent_session.websocket.test_router" name="test_websocket_session_endpoint_initializes_replay_and_disconnects" time="0.004" /><testcase classname="tests.unit.modules.agent_session.websocket.test_router" name="test_websocket_session_endpoint_handles_json_error_and_missing_session" time="0.004" /><testcase classname="tests.unit.modules.agent_session.websocket.test_router" name="test_websocket_global_endpoint_invalid_json_and_exception" time="0.006" /><testcase classname="tests.unit.modules.agent_session.websocket.test_router" name="test_replay_pending_tool_decision_noop_paths" time="0.002" /><testcase classname="tests.unit.modules.agent_session.websocket.test_router" name="test_extract_websocket_token_prefers_authorization_header" time="0.000" /><testcase classname="tests.unit.modules.agent_session.websocket.test_router" name="test_authenticate_websocket_rejects_missing_token" time="0.002" /><testcase classname="tests.unit.modules.agent_session.websocket.test_router" name="test_a
[...]
&lt;lambda&gt;-422_10]" time="0.002" /><testcase classname="tests.unit.modules.version_control.test_router" name="test_router_error_mapping_for_each_endpoint[&lt;lambda&gt;-422_11]" time="0.002" /><testcase classname="tests.unit.modules.version_control.test_router" name="test_router_error_mapping_for_each_endpoint[&lt;lambda&gt;-422_12]" time="0.002" /><testcase classname="tests.unit.modules.version_control.test_router" name="test_router_error_mapping_for_each_endpoint[&lt;lambda&gt;-422_13]" time="0.002" /><testcase classname="tests.unit.modules.version_control.test_router" name="test_router_error_mapping_for_each_endpoint[&lt;lambda&gt;-422_14]" time="0.002" /><testcase classname="tests.unit.modules.version_control.test_staging_ops" name="test_get_changes_uses_cache_and_limits_untracked" time="0.003" /><testcase classname="tests.unit.modules.version_control.test_staging_ops" name="test_stage_and_unstage_invalidate_cache_and_raise_errors" time="0.002" /><testcase classname="tests.unit.modules.version_control.test_staging_ops" name="test_discard_and_to_file_change" time="0.003" /><testcase classname="tests.unit.modules.version_control.test_status_ops" name="test_get_status_handles_untracked_query_failure_and_conflicts" time="0.003" /><testcase classname="tests.unit.modules.version_control.test_status_ops" name="test_list_branches_skips_duplicate_remote_and_handles_missing_commit" time="0.002" /><testcase classname="tests.unit.modules.version_control.test_status_ops" name="test_checkout_branch_handles_stash_and_checkout_errors" time="0.001" /><testcase classname="tests.unit.modules.version_control.test_status_ops" name="test_checkout_branch_create_success_returns_stash_message" time="0.001" /><testcase classname="tests.unit.modules.version_control.test_utils" name="test_workspace_path_and_get_repo_errors" time="0.002" /><testcase classname="tests.unit.modules.version_control.test_utils" name="test_branch_and_tracking_helpers" time="0.002" /><testcase classname="tests.unit.modules.version_control.test_utils" name="test_last_fetch_ignore_map_change_and_normalize" time="0.004" /><testcase classname="tests.unit.modules.version_control.test_utils" name="test_diff_index_and_ensure_remote" time="0.002" /><testcase classname="tests.unit.modules.version_control.test_version_control_init.TestVersionControlModuleInit" name="test_router_attribute_access" time="0.001" /><testcase classname="tests.unit.modules.version_control.test_version_control_init.TestVersionControlModuleInit" name="test_invalid_attribute_raises_error" time="0.000" /><testcase classname="tests.unit.modules.version_control.test_version_control_init.TestVersionControlModuleInit" name="test_all_exports" time="0.000" /><testcase classname="tests.unit.modules.version_control.test_version_control_init.TestVersionControlModuleInit" name="test_direct_imports" time="0.000" /><testcase classname="tests.unit.modules.version_control.test_version_control_service.TestGitOperations" name="test_get_status_success" time="0.021" /><testcase classname="tests.unit.modules.version_control.test_version_control_service.TestGitOperations" name="test_get_status_with_changes" time="0.034" /><testcase classname="tests.unit.modules.version_control.test_version_control_service.TestGitOperations" name="test_get_status_nonexistent_workspace" time="0.002" /><testcase classname="tests.unit.modules.version_control.test_version_control_service.TestBranchManagement" name="test_list_branches_success" time="0.015" /><testcase classname="tests.unit.modules.version_control.test_version_control_service.TestBranchManagement" name="test_checkout_branch_success" time="0.014" /><testcase classname="tests.unit.modules.version_control.test_version_control_service.TestBranchManagement" name="test_checkout_nonexistent_branch" time="0.014" /><testcase classname="tests.unit.modules.version_control.test_version_control_service.TestStagingOperations" name="test_stage_files_success" time="0.020" /><testcase classname="tests.unit.modules.version_control.test_version_control_service.TestStagingOperations" name="test_stage_all_changes" time="0.063" /><testcase classname="tests.unit.modules.version_control.test_version_control_service.TestStagingOperations" name="test_unstage_files_success" time="0.020" /><testcase classname="tests.unit.modules.version_control.test_version_control_service.TestCommitOperations" name="test_commit_success" time="0.029" /><testcase classname="tests.unit.modules.version_control.test_version_control_service.TestCommitOperations" name="test_list_commits_success" time="0.019" /><testcase classname="tests.unit.modules.version_control.test_version_control_service.TestCommitOperations" name="test_get_commit_success" time="0.017" /><testcase classname="tests.unit.modules.version_control.test_version_control_service.TestChangesOperations" name="test_get_changes_no_changes" time="0.018" /><testcase classname="tests.unit.modules.version_control.test_version_control_service.TestChangesOperations" name="test_get_changes_with_modifications" time="0.034" /><testcase classname="tests.unit.modules.version_control.test_version_control_service.TestChangesOperations" name="test_get_changes_with_untracked" time="0.034" /><testcase classname="tests.unit.modules.version_control.test_version_control_service.TestWorkspaceValidation" name="test_non_git_repository" time="0.003" /><testcase classname="tests.unit.modules.version_control.test_version_control_service.TestWorkspaceValidation" name="test_workspace_path_resolution" time="0.014" /><testcase classname="tests.unit.modules.version_control.test_version_control_service.TestGitServiceInitialization" name="test_init_with_base_path" time="0.001" /><testcase classname="tests.unit.modules.version_control.test_version_control_service.TestGitServiceInitialization" name="test_init_creates_directory" time="0.002" /><testcase classname="tests.unit.modules.version_control.test_version_control_service.TestDiffOperations" name="test_diff_worktree" time="0.019" /><testcase classname="tests.unit.modules.version_control.test_version_control_service.TestDiffOperations" name="test_diff_staged" time="0.015" /><testcase classname="tests.unit.modules.version_control.test_version_control_service.TestBranchState" name="test_current_branch" time="0.013" /><testcase classname="tests.unit.modules.version_control.test_version_control_service.TestBranchState" name="test_detached_head_state" time="0.014" /><testcase classname="tests.unit.routers.test_drawio_routes_unit" name="test_get_drawio_viewer_url_returns_json_response" time="0.002" /><testcase classname="tests.unit.routers.test_drawio_routes_unit" name="test_get_drawio_viewer_url_raises_404_for_missing_file" time="0.001" /><testcase classname="tests.unit.routers.test_drawio_routes_unit" name="test_save_drawio_file_calls_file_service_write" time="0.001" /><testcase classname="tests.unit.routers.test_drawio_routes_unit" name="test_save_drawio_file_rejects_invalid_xml" time="0.001" /><testcase classname="tests.unit.services.test_auth_service" name="test_simple_user_defaults" time="0.000" /><testcase classname="tests.unit.services.test_auth_service" name="test_auth_service_init_enables_keycloak" time="0.001" /><testcase classname="tests.unit.services.test_auth_service" name="test_auth_service_init_handles_setup_errors" time="0.002" /><testcase classname="tests.unit.services.test_auth_service" name="test_validate_access_token_returns_none_when_disabled" time="0.002" /><testcase classname="tests.unit.services.test_auth_service" name="test_validate_access_token_rejects_invalid_jwt_format" time="0.002" /><testcase classname="tests.unit.services.test_auth_service" name="test_validate_access_token_returns_user_from_payload" time="0.002" /><testcase classname="tests.unit.services.test_auth_service" name="test_validate_access_token_handles_missing_sub_and_decode_error" time="0.002" /><testcase classname="tests.unit.services.test_auth_service" name="test_get_auth_service_returns_singleton" time="0.000" /><testcase classname="tests.unit.services.test_i18n_service.TestInitialization" name="test_init_with_default_language" time="0.003" /><testcase classname="tests.unit.services.test_i18n_service.TestInitialization" name="test_init_with_custom_language" time="0.002" /><testcase classname="tests.unit.services.test_i18n_service.TestInitialization" name="test_init_loads_translations" time="0.002" /><testcase classname="tests.unit.services.test_i18n_service.TestInitialization" name="test_supported_languages" time="0.002" /><testcase classname="tests.unit.services.test_i18n_service.TestTranslate" name="test_translate_with_default_language" time="0.002" /><testcase classname="tests.unit.services.test_i18n_service.TestTranslate" name="test_translate_with_specified_language" time="0.002" /><testcase classname="tests.unit.services.test_i18n_service.TestTranslate" name="test_translate_with_parameters" time="0.002" /><testcase classname="tests.unit.services.test_i18n_service.TestTranslate" name="test_translate_with_chinese_parameters" time="0.002" /><testcase classname="tests.unit.services.test_i18n_service.TestTranslate" name="test_translate_missing_key" time="0.002" /><testcase classname="tests.unit.services.test_i18n_service.TestTranslate" name="test_translate_with_default_fallback" time="0.003" /><testcase classname="tests.unit.services.test_i18n_service.TestTranslate" name="test_translate_fallback_to_default_language" time="0.002" /><testcase classname="tests.unit.services.test_i18n_service.TestTranslate" name="test_translate_with_multiple_parameters" time="0.003" /><testcase classname="tests.unit.services.test_i18n_service.TestTranslate" name="test_translate_missing_parameter" time="0.002" /><testcase classname="tests.unit.services.test_i18n_service.TestResolveLanguage" name="test_resolve_language_exact_match" time="0.003" /><testcase classname="tests.unit.services.test_i18n_service.TestResolveLanguage" name="test_resolve_language_case_insensitive" time="0.003" /><testcase classname="tests.unit.services.test_i18n_service.TestResolveLanguage" name="test_resolve_language_with_region" time="0.002" /><testcase classname="tests.unit.services.test_i18n_service.TestResolveLanguage" name="test_resolve_language_none" time="0.003" /><testcase classname="tests.unit.services.test_i18n_service.TestResolveLanguage" name="test_resolve_language_unsupported" time="0.002" /><testcase classname="tests.unit.services.test_i18n_service.TestRefresh" name="test_refresh_reloads_translations" time="0.002" /><testcase classname="tests.unit.services.test_i18n_service.TestLanguageCandidates" name="test_language_with_quality_values" time="0.002" /><testcase classname="tests.unit.services.test_i18n_service.TestEdgeCases" name="test_empty_translations_dir" time="0.002" /><testcase classname="tests.unit.services.test_i18n_service.TestEdgeCases" name="test_invalid_json_file" time="0.002" /><testcase classname="tests.unit.services.test_i18n_service.TestEdgeCases" name="test_translate_with_empty_key" time="0.002" /><testcase classname="tests.unit.services.test_i18n_service.TestEdgeCases" name="test_translate_with_special_characters" time="0.002" /><testcase classname="tests.unit.services.test_i18n_service.TestComplexScenarios" name="test_multiple_languages_fallback" time="0.002" /><testcase classname="tests.unit.services.test_i18n_service.TestComplexScenarios" name="test_parameter_formatting_edge_cases" time="0.003" /><testcase classname="tests.unit.services.test_i18n_service.TestComplexScenarios" name="test_nested_language_resolution" time="0.002" /><testcase classname="tests.unit.services.test_i18n_service.TestProperties" name="test_default_language_property" time="0.002" /><testcase classname="tests.unit.services.test_i18n_service.TestProperties" name="test_supported_languages_property" time="0.002" /><testcase classname="tests.unit.services.test_i18n_service.TestProperties" name="test_supported_languages_is_iterable" time="0.002" /><testcase classname="tests.unit.test_comprehensive_coverage_boost.TestClaudeCodeCommonUtilities" name="test_humanize_size_bytes" time="0.000" /><testcase classname="tests.unit.test_comprehensive_coverage_boost.TestClaudeCodeCommonUtilities" name="test_humanize_size_kilobytes" time="0.000" /><testcase classname="tests.unit.test_comprehensive_coverage_boost.TestClaudeCodeCommonUtilities" name="test_humanize_size_megabytes" time="0.000" /><testcase classname="tests.unit.test_comprehensive_coverage_boost.TestClaudeCodeCommonUtilities" name="test_format_file_size" time="0.000" /><testcase classname="tests.unit.test_comprehensive_coverage_boost.TestClaudeCodeCommonUtilities" name="test_parse_front_matter_no_front_matter" time="0.000" /><testcase classname="tests.unit.test_comprehensive_coverage_boost.TestClaudeCodeCommonUtilities" name="test_parse_front_matter_with_yaml" time="0.001" /><testcase classname="tests.unit.test_comprehensive_coverage_boost.TestClaudeCodeCommonUtilities" name="test_parse_front_matter_invalid_yaml" time="0.000" /><testcase classname="tests.unit.test_comprehensive_coverage_boost.TestClaudeCodeCommonUtilities" name="test_parse_front_matter_no_closing_delimiter" time="0.000" /><testcase classname="tests.unit.test_comprehensive_coverage_boost.TestClaudeCodeCommonUtilities" name="test_ensure_directory" time="0.002" /><testcase classname="tests.unit.test_comprehensive_coverage_boost.TestClaudeCodeCommonUtilities" name="test_read_json_file_nonexistent" time="0.001" /><testcase classname="tests.unit.test_comprehensive_coverage_boost.TestClaudeCodeCommonUtilities" name="test_read_json_file_valid" time="0.001" /><testcase classname="tests.unit.test_comprehensive_coverage_boost.TestClaudeCodeCommonUtilities" name="test_read_json_file_invalid" time="0.001" /><testcase classname="tests.unit.test_comprehensive_coverage_boost.TestClaudeCodeCommonUtilities" name="test_write_json_file" time="0.001" /><testcase classname="tests.unit.test_comprehensive_coverage_boost.TestMarkdownDocumentRecord" name="test_markdown_record_creation" time="0.001" /><testcase classname="tests.unit.test_comprehensive_coverage_boost.TestMarkdownDocumentRecord" name="test_markdown_record_with_namespace" time="0.000" /><testcase classname="tests.unit.test_comprehensive_coverage_boost.TestMarkdownDocumentRecord" name="test_markdown_record_metadata_with_fallbacks" time="0.000" /><testcase classname="tests.unit.test_comprehensive_coverage_boost.TestScopedMarkdownRepository" name="test_normalize_file_name_with_extension" time="0.000" /><testcase classname="tests.unit.test_comprehensive_coverage_boost.TestScopedMarkdownRepository" name="test_normalize_file_name_without_extension" time="0.001" /><testcase classname="tests.unit.test_comprehensive_coverage_boost.TestScopedMarkdownRepository" name="test_directory_path" time="0.001" /><testcase classname="tests.unit.test_comprehensive_coverage_boost.TestScopedMarkdownRepository" name="test_namespace_directory_no_namespace" time="0.000" /><testcase classname="tests.unit.test_comprehensive_coverage_boost.TestScopedMarkdownRepository" name="test_namespace_directory_with_namespace" time="0.000" /><testcase classname="tests.unit.test_comprehensive_coverage_boost.TestInternalModels" name="test_internal_api_response" time="0.000" /><testcase classname="tests.unit.test_comprehensive_coverage_boost.TestClaudeCodeModels" name="test_document_scope_enum" time="0.000" /><testcase classname="tests.unit.utils.test_container_discovery" name="test_browser_container_info_to_dict" time="0.001" /><testcase classname="tests.unit.utils.test_container_discovery" name="test_get_browser_info_uses_environment_defaults" time="0.000" /><testcase classname="tests.unit.utils.test_container_discovery" name="test_is_browser_available_requires_container_and_cdp" time="0.000" /><testcase classname="tests.unit.utils.test_container_discovery" name="test_get_mcp_config_builds_default_cdp_url_when_missing" time="0.000" /><testcase classname="tests.unit.utils.test_container_discovery" name="test_get_mcp_config_includes_chrome_devtools" time="0.000" /><testcase classname="tests.unit.utils.test_datetime_utils.TestEnsureUtc" name="test_ensure_utc_with_none" time="0.000" /><testcase classname="tests.unit.utils.test_datetime_utils.TestEnsureUtc" name="test_ensure_utc_with_naive_datetime" time="0.000" /><testcase classname="tests.unit.utils.test_datetime_utils.TestEnsureUtc" name="test_ensure_utc_with_aware_datetime_utc" time="0.000" /><testcase classname="tests.unit.utils.test_datetime_utils.TestEnsureUtc" name="test_ensure_utc_with_aware_datetime_other_timezone" time="0.000" /><testcase classname="tests.unit.utils.test_datetime_utils.TestUtcnow" name="test_utcnow_returns_aware_datetime" time="0.000" /><testcase classname="tests.unit.utils.test_datetime_utils.TestUtcnow" name="test_utcnow_returns_current_time" time="0.000" /><testcase classname="tests.unit.utils.test_datetime_utils.TestCalculateDuration" name="test_calculate_duration_with_both_times" time="0.000" /><testcase classname="tests.unit.utils.test_datetime_utils.TestCalculateDuration" name="test_calculate_duration_without_end_time" time="0.001" /><testcase classname="tests.unit.utils.test_datetime_utils.TestCalculateDuration" name="test_calculate_duration_with_naive_datetimes" time="0.000" /><testcase classname="tests.unit.utils.test_datetime_utils.TestCalculateDuration" name="test_calculate_duration_with_none_start" time="0.000" /><testcase classname="tests.unit.utils.test_datetime_utils.TestCalculateDuration" name="test_calculate_duration_with_negative_duration" time="0.000" /><testcase classname="tests.unit.utils.test_datetime_utils.TestCalculateDuration" name="test_calculate_duration_with_zero_duration" time="0.000" /><testcase classname="tests.unit.utils.test_datetime_utils.TestCompareDatetime" name="test_compare_datetime_less_than" time="0.000" /><testcase classname="tests.unit.utils.test_datetime_utils.TestCompareDatetime" name="test_compare_datetime_greater_than" time="0.000" /><testcase classname="tests.unit.utils.test_datetime_utils.TestCompareDatetime" name="test_compare_datetime_equal" time="0.000" /><testcase classname="tests.unit.utils.test_datetime_utils.TestCompareDatetime" name="test_compare_datetime_with_naive_datetimes" time="0.000" /><testcase classname="tests.unit.utils.test_datetime_utils.TestCompareDatetime" name="test_compare_datetime_with_different_timezones" time="0.000" /><testcase classname="tests.unit.utils.test_datetime_utils.TestCompareDatetime" name="test_compare_datetime_with_none_dt1" time="0.000" /><testcase classname="tests.unit.utils.test_datetime_utils.TestCompareDatetime" name="test_compare_datetime_with_none_dt2" time="0.000" /><testcase classname="tests.unit.utils.test_datetime_utils.TestIsPast" name="test_is_past_with_past_datetime" time="0.000" /><testcase classname="tests.unit.utils.test_datetime_utils.TestIsPast" name="test_is_past_with_future_datetime" time="0.000" /><testcase classname="tests.unit.utils.test_datetime_utils.TestIsPast" name="test_is_past_with_current_datetime" time="0.001" /><testcase classname="tests.unit.utils.test_datetime_utils.TestIsPast" name="test_is_past_with_naive_datetime" time="0.000" /><testcase classname="tests.unit.utils.test_datetime_utils.TestIsPast" name="test_is_past_with_none" time="0.000" /><testcase classname="tests.unit.utils.test_datetime_utils.TestIsFuture" name="test_is_future_with_future_datetime" time="0.000" /><testcase classname="tests.unit.utils.test_datetime_utils.TestIsFuture" name="test_is_future_with_past_datetime" time="0.000" /><testcase classname="tests.unit.utils.test_datetime_utils.TestIsFuture" name="test_is_future_with_current_datetime" time="0.001" /><testcase classname="tests.unit.utils.test_datetime_utils.TestIsFuture" name="test_is_future_with_naive_datetime" time="0.000" /><testcase classname="tests.unit.utils.test_datetime_utils.TestIsFuture" name="test_is_future_with_none" time="0.022" /></testsuite></testsuites>